Unity Editor version:    2020.3.24f1 (79c78de19888)
Branch:                  2020.3/staging
Build type:              Release
Batch mode:              YES
macOS version:           Version 12.1 (Build 21C52)
Darwin version:          21.2.0
Architecture:            x86_64
Running under Rosetta:   YES
Available memory:        65536 MB
Using pre-set license
Pro License: NO

COMMAND LINE ARGUMENTS:
/Applications/Unity/Hub/Editor/2020.3.24f1/Unity.app/Contents/MacOS/Unity
-adb2
-batchMode
-noUpm
-name
AssetImportWorker0
-projectPath
/Users/tsubasatakaoka/Documents/GitHub/RaceGame
-logFile
Logs/AssetImportWorker0.log
-srvPort
57477
Successfully changed project path to: /Users/tsubasatakaoka/Documents/GitHub/RaceGame
/Users/tsubasatakaoka/Documents/GitHub/RaceGame
Using Asset Import Pipeline V2.
Refreshing native plugins compatible for Editor in 33.81 ms, found 2 plugins.
Preloading 0 native plugins for Editor in 0.00 ms.
Initialize engine version: 2020.3.24f1 (79c78de19888)
[Subsystems] Discovering subsystems at path /Applications/Unity/Hub/Editor/2020.3.24f1/Unity.app/Contents/Resources/UnitySubsystems
[Subsystems] Discovering subsystems at path /Users/tsubasatakaoka/Documents/GitHub/RaceGame/Assets
GfxDevice: creating device client; threaded=0
2022-01-21 12:09:30.304 Unity[13380:196089] (null) preferred device: Apple M1 Max (high power)
2022-01-21 12:09:30.304 Unity[13380:196089] Metal devices available: 1
2022-01-21 12:09:30.304 Unity[13380:196089] 0: Apple M1 Max (high power)
2022-01-21 12:09:30.304 Unity[13380:196089] Using device Apple M1 Max (high power)
Initializing Metal device caps: Apple M1 Max
Initialize mono
Mono path[0] = '/Applications/Unity/Hub/Editor/2020.3.24f1/Unity.app/Contents/Managed'
Mono path[1] = '/Applications/Unity/Hub/Editor/2020.3.24f1/Unity.app/Contents/MonoBleedingEdge/lib/mono/unityjit'
Mono config path = '/Applications/Unity/Hub/Editor/2020.3.24f1/Unity.app/Contents/MonoBleedingEdge/etc'
Using monoOptions --debugger-agent=transport=dt_socket,embedding=1,server=y,suspend=n,address=127.0.0.1:56380
Begin MonoManager ReloadAssembly
Registering precompiled unity dll's ...
Register platform support module: /Applications/Unity/Hub/Editor/2020.3.24f1/PlaybackEngines/WebGLSupport/UnityEditor.WebGL.Extensions.dll
Register platform support module: /Applications/Unity/Hub/Editor/2020.3.24f1/Unity.app/Contents/PlaybackEngines/MacStandaloneSupport/UnityEditor.OSXStandalone.Extensions.dll
Registered in 0.000507 seconds.
Native extension for OSXStandalone target not found
Native extension for WebGL target not found
Refreshing native plugins compatible for Editor in 35.18 ms, found 2 plugins.
Preloading 0 native plugins for Editor in 0.00 ms.
Mono: successfully reloaded assembly
- Completed reload, in  1.453 seconds
Domain Reload Profiling:
	ReloadAssembly (1453ms)
		BeginReloadAssembly (96ms)
			ExecutionOrderSort (0ms)
			DisableScriptedObjects (0ms)
			BackupInstance (0ms)
			ReleaseScriptingObjects (0ms)
			CreateAndSetChildDomain (3ms)
		EndReloadAssembly (1231ms)
			LoadAssemblies (93ms)
			RebuildTransferFunctionScriptingTraits (0ms)
			SetupTypeCache (173ms)
			ReleaseScriptCaches (0ms)
			RebuildScriptCaches (44ms)
			SetupLoadedEditorAssemblies (655ms)
				LogAssemblyErrors (0ms)
				InitializePlatformSupportModulesInManaged (15ms)
				SetLoadedEditorAssemblies (1ms)
				RefreshPlugins (35ms)
				BeforeProcessingInitializeOnLoad (107ms)
				ProcessInitializeOnLoadAttributes (380ms)
				ProcessInitializeOnLoadMethodAttributes (116ms)
				AfterProcessingInitializeOnLoad (0ms)
				EditorAssembliesLoaded (1ms)
			ExecutionOrderSort2 (0ms)
			AwakeInstancesAfterBackupRestoration (0ms)
Platform modules already initialized, skipping
Registering precompiled user dll's ...
Registered in 0.001501 seconds.
Begin MonoManager ReloadAssembly
Native extension for OSXStandalone target not found
Native extension for WebGL target not found
Refreshing native plugins compatible for Editor in 0.43 ms, found 2 plugins.
Preloading 0 native plugins for Editor in 0.00 ms.
Mono: successfully reloaded assembly
- Completed reload, in  2.561 seconds
Domain Reload Profiling:
	ReloadAssembly (2563ms)
		BeginReloadAssembly (291ms)
			ExecutionOrderSort (0ms)
			DisableScriptedObjects (36ms)
			BackupInstance (0ms)
			ReleaseScriptingObjects (0ms)
			CreateAndSetChildDomain (38ms)
		EndReloadAssembly (2171ms)
			LoadAssemblies (237ms)
			RebuildTransferFunctionScriptingTraits (0ms)
			SetupTypeCache (325ms)
			ReleaseScriptCaches (0ms)
			RebuildScriptCaches (60ms)
			SetupLoadedEditorAssemblies (1274ms)
				LogAssemblyErrors (0ms)
				InitializePlatformSupportModulesInManaged (18ms)
				SetLoadedEditorAssemblies (3ms)
				RefreshPlugins (0ms)
				BeforeProcessingInitializeOnLoad (259ms)
				ProcessInitializeOnLoadAttributes (959ms)
				ProcessInitializeOnLoadMethodAttributes (33ms)
				AfterProcessingInitializeOnLoad (1ms)
				EditorAssembliesLoaded (1ms)
			ExecutionOrderSort2 (0ms)
			AwakeInstancesAfterBackupRestoration (36ms)
Platform modules already initialized, skipping
Validating Project structure ... 0.011853 seconds.
Shader import version has changed; will reimport all shaders...
Upgrading shader files ...0.020515 seconds.
Application.AssetDatabase Initial Script Refresh Start
RefreshInfo: InitialScriptRefreshV2(NoUpdateAssetOptions) scanfilter:  ... 1 filters
RefreshProfiler: Total: 0.000ms
Application.AssetDatabase Initial Script Refresh End
Application.AssetDatabase.Refresh Start
Application.AssetDatabase.Refresh End
RefreshInfo: StopAssetImportingV2(ForceSynchronousImport) scanfilter: 
RefreshProfiler: Total: 0.000ms
Launching external process: /Applications/Unity/Hub/Editor/2020.3.24f1/Unity.app/Contents/Tools/UnityShaderCompiler
Launched and connected shader compiler UnityShaderCompiler after 0.02 seconds
Initializing Unity extensions:
2022-01-21 12:09:35.389 Unity[13380:196089] NSEventModifierFlagFunction specified to -setKeyEquivalentModifierMask: for item <NSMenuItem: 0x600000f79b20 Font Asset, ke='Command-F12'>, but is only supported for system-provided menu items; will not be used
2022-01-21 12:09:35.393 Unity[13380:196089] NSEventModifierFlagFunction specified to -setKeyEquivalentModifierMask: for item <NSMenuItem: 0x600000f44b60 Font Asset, ke='Command-F12'>, but is only supported for system-provided menu items; will not be used
========================================================================
Worker process is ready to serve import requests
Refreshing native plugins compatible for Editor in 0.42 ms, found 2 plugins.
Preloading 0 native plugins for Editor in 0.00 ms.
Unloading 1640 Unused Serialized files (Serialized files now loaded: 0)
System memory in use before: 198.3 MB.
System memory in use after: 197.7 MB.

Unloading 172 unused Assets to reduce memory usage. Loaded Objects now: 2247.
Total: 2.502208 ms (FindLiveObjects: 0.113166 ms CreateObjectMapping: 0.035042 ms MarkObjects: 1.893042 ms  DeleteObjects: 0.460250 ms)

AssetImportParameters requested are different than current active one (requested -> active):
  custom:video-decoder-ogg-theora: a1e56fd34408186e4bbccfd4996cb3dc -> 
  custom:container-muxer-webm: aa71ff27fc2769a1b78a27578f13a17b -> 
  custom:container-demuxer-webm: 4f35f7cbe854078d1ac9338744f61a02 -> 
  custom:container-demuxer-ogg: 62fdf1f143b41e24485cea50d1cbac27 -> 
  custom:video-encoder-webm-vp8: eb34c28f22e8b96e1ab97ce403110664 -> 
  custom:framework-osx-AVFoundation: e770b220cccbd017edd2c1fefb359320 -> 
  custom:video-decoder-webm-vp8: 9c59270c3fd7afecdb556c50c9e8de78 -> 
  custom:audio-decoder-ogg-vorbis: bf7c407c2cedff20999df2af8eb42d56 -> 
  custom:audio-encoder-webm-vorbis: bf7c407c2cedff20999df2af8eb42d56 -> 
========================================================================
Received Import Request.
  path: Assets/Red.mat
  artifactKey: Guid(bee2160cba669465f81982dc0cf63a51) Importer(815301076,1909f56bfc062723c751e8b465ee728b)
Start importing Assets/Red.mat using Guid(bee2160cba669465f81982dc0cf63a51) Importer(815301076,1909f56bfc062723c751e8b465ee728b)  -> (artifact id: '3f79773c873448813a0045bc27e6a55b') in 0.245518 seconds 
  Import took 0.249263 seconds .

========================================================================
Received Import Request.
  Time since last request: 4.923737 seconds.
  path: Assets/Images
  artifactKey: Guid(c40da00e0408d4cdb84e413410d29ae4) Importer(815301076,1909f56bfc062723c751e8b465ee728b)
Start importing Assets/Images using Guid(c40da00e0408d4cdb84e413410d29ae4) Importer(815301076,1909f56bfc062723c751e8b465ee728b)  -> (artifact id: 'd1cae64750fc414c7aa4f2855e77e09f') in 0.001582 seconds 
  Import took 0.003708 seconds .

========================================================================
Received Import Request.
  Time since last request: 5.988724 seconds.
  path: Assets/Images/map.png
  artifactKey: Guid(199d0e785e4f5452cbc675a4182f6f5c) Importer(815301076,1909f56bfc062723c751e8b465ee728b)
Start importing Assets/Images/map.png using Guid(199d0e785e4f5452cbc675a4182f6f5c) Importer(815301076,1909f56bfc062723c751e8b465ee728b)  -> (artifact id: 'c44629df983eb9c47c006e9fb32db319') in 0.080555 seconds 
  Import took 0.084710 seconds .

========================================================================
Received Import Request.
  Time since last request: 226.222438 seconds.
  path: Assets/Images/Artboard 1.png
  artifactKey: Guid(d42cb9c4776cb4f34ae319dd6167a837) Importer(815301076,1909f56bfc062723c751e8b465ee728b)
Start importing Assets/Images/Artboard 1.png using Guid(d42cb9c4776cb4f34ae319dd6167a837) Importer(815301076,1909f56bfc062723c751e8b465ee728b)  -> (artifact id: '6ae113ce62cef9e956963a6ccb4b568e') in 0.008664 seconds 
  Import took 0.011185 seconds .

========================================================================
Received Import Request.
  Time since last request: 48.410795 seconds.
  path: Assets/Images/Artboard 1.png
  artifactKey: Guid(d42cb9c4776cb4f34ae319dd6167a837) Importer(815301076,1909f56bfc062723c751e8b465ee728b)
Start importing Assets/Images/Artboard 1.png using Guid(d42cb9c4776cb4f34ae319dd6167a837) Importer(815301076,1909f56bfc062723c751e8b465ee728b)  -> (artifact id: '4bcb76e89e1580edf37c2f9547c65f31') in 0.052976 seconds 
  Import took 0.055373 seconds .

========================================================================
Received Import Request.
  Time since last request: 4.587897 seconds.
  path: Assets/Images/map.png
  artifactKey: Guid(199d0e785e4f5452cbc675a4182f6f5c) Importer(815301076,1909f56bfc062723c751e8b465ee728b)
Start importing Assets/Images/map.png using Guid(199d0e785e4f5452cbc675a4182f6f5c) Importer(815301076,1909f56bfc062723c751e8b465ee728b)  -> (artifact id: '75e3b52950608a22e655740cb97011f2') in 0.014437 seconds 
  Import took 0.016782 seconds .

========================================================================
Received Import Request.
  Time since last request: 15.649790 seconds.
  path: Assets/Images/UserMaker.png
  artifactKey: Guid(d42cb9c4776cb4f34ae319dd6167a837) Importer(815301076,1909f56bfc062723c751e8b465ee728b)
Start importing Assets/Images/UserMaker.png using Guid(d42cb9c4776cb4f34ae319dd6167a837) Importer(815301076,1909f56bfc062723c751e8b465ee728b)  -> (artifact id: '3b7daaac1f97e20f198727a1d03def89') in 0.010893 seconds 
  Import took 0.013274 seconds .

========================================================================
Received Import Request.
  Time since last request: 165.999316 seconds.
  path: Assets/EasyRoads3D/textures/editor/locked.png
  artifactKey: Guid(8fb7d6b5f8b40f34e8048f47afa20f2a) Importer(815301076,1909f56bfc062723c751e8b465ee728b)
Start importing Assets/EasyRoads3D/textures/editor/locked.png using Guid(8fb7d6b5f8b40f34e8048f47afa20f2a) Importer(815301076,1909f56bfc062723c751e8b465ee728b)  -> (artifact id: '937b5fbca468c5729161b620ffea07c7') in 0.010104 seconds 
  Import took 0.012888 seconds .

========================================================================
Received Import Request.
  Time since last request: 0.000258 seconds.
  path: Assets/EasyRoads3D/textures/editor/m_info.png
  artifactKey: Guid(a734eccac0ad8bc49950dd4fbee58611) Importer(815301076,1909f56bfc062723c751e8b465ee728b)
Start importing Assets/EasyRoads3D/textures/editor/m_info.png using Guid(a734eccac0ad8bc49950dd4fbee58611) Importer(815301076,1909f56bfc062723c751e8b465ee728b)  -> (artifact id: '5ba26e44ff3f547227cd68a542f19e2a') in 0.009465 seconds 
  Import took 0.011809 seconds .

========================================================================
Received Import Request.
  Time since last request: 0.000256 seconds.
  path: Assets/EasyRoads3D/textures/editor/m_road.png
  artifactKey: Guid(46e81e5d2c8b2144582558b65e45db86) Importer(815301076,1909f56bfc062723c751e8b465ee728b)
Start importing Assets/EasyRoads3D/textures/editor/m_road.png using Guid(46e81e5d2c8b2144582558b65e45db86) Importer(815301076,1909f56bfc062723c751e8b465ee728b)  -> (artifact id: '9a874b46e46e18281f528c55516ea707') in 0.009149 seconds 
  Import took 0.011379 seconds .

========================================================================
Received Import Request.
  Time since last request: 0.000299 seconds.
  path: Assets/EasyRoads3D/textures/editor/m_prefabs.png
  artifactKey: Guid(ffc15be4bded7b34f9f406cde082a4a2) Importer(815301076,1909f56bfc062723c751e8b465ee728b)
Start importing Assets/EasyRoads3D/textures/editor/m_prefabs.png using Guid(ffc15be4bded7b34f9f406cde082a4a2) Importer(815301076,1909f56bfc062723c751e8b465ee728b)  -> (artifact id: '56b8d592a3007d46bb0a7fe0f784c6ec') in 0.008735 seconds 
  Import took 0.011084 seconds .

========================================================================
Received Import Request.
  Time since last request: 0.000240 seconds.
  path: Assets/EasyRoads3D/textures/editor/m_build.png
  artifactKey: Guid(881f73f964cf5104abc91a5f657615a8) Importer(815301076,1909f56bfc062723c751e8b465ee728b)
Start importing Assets/EasyRoads3D/textures/editor/m_build.png using Guid(881f73f964cf5104abc91a5f657615a8) Importer(815301076,1909f56bfc062723c751e8b465ee728b)  -> (artifact id: 'ad6f632a1ebeb50e5bf12a528a5dbddc') in 0.008028 seconds 
  Import took 0.010002 seconds .

========================================================================
Received Import Request.
  Time since last request: 0.000263 seconds.
  path: Assets/SampleScenes/Menu/Sprites/MenuCornerTopRightSprite.png
  artifactKey: Guid(2b592d40fd47980478920e3ed65b0985) Importer(815301076,1909f56bfc062723c751e8b465ee728b)
Start importing Assets/SampleScenes/Menu/Sprites/MenuCornerTopRightSprite.png using Guid(2b592d40fd47980478920e3ed65b0985) Importer(815301076,1909f56bfc062723c751e8b465ee728b)  -> (artifact id: '58139bc8c233b5b101b86d8a59034a0f') in 0.009439 seconds 
  Import took 0.011878 seconds .

========================================================================
Received Import Request.
  Time since last request: 0.000225 seconds.
  path: Assets/Standard Assets/2D/Sprites/PlatformWhiteSprite.png
  artifactKey: Guid(d90a8faf6fb9540b084ef2825cc3a5dc) Importer(815301076,1909f56bfc062723c751e8b465ee728b)
Start importing Assets/Standard Assets/2D/Sprites/PlatformWhiteSprite.png using Guid(d90a8faf6fb9540b084ef2825cc3a5dc) Importer(815301076,1909f56bfc062723c751e8b465ee728b)  -> (artifact id: '2966ffaa28ea222db33289c1ef77dfaa') in 0.007980 seconds 
  Import took 0.009975 seconds .

========================================================================
Received Import Request.
  Time since last request: 0.000240 seconds.
  path: Assets/Standard Assets/2D/Sprites/RobotBoyCrouchSprite.png
  artifactKey: Guid(d40c191aa46654db7a426d6a1fa3aa30) Importer(815301076,1909f56bfc062723c751e8b465ee728b)
Start importing Assets/Standard Assets/2D/Sprites/RobotBoyCrouchSprite.png using Guid(d40c191aa46654db7a426d6a1fa3aa30) Importer(815301076,1909f56bfc062723c751e8b465ee728b)  -> (artifact id: '38d74dcb27e58492d4335506368c4afa') in 0.086911 seconds 
  Import took 0.088994 seconds .

========================================================================
Received Import Request.
  Time since last request: 0.000226 seconds.
  path: Assets/EasyRoads3D/textures/editor/m_header.png
  artifactKey: Guid(16ef664a0f7023c4a94fa58f50bf2899) Importer(815301076,1909f56bfc062723c751e8b465ee728b)
Start importing Assets/EasyRoads3D/textures/editor/m_header.png using Guid(16ef664a0f7023c4a94fa58f50bf2899) Importer(815301076,1909f56bfc062723c751e8b465ee728b)  -> (artifact id: '8ebb6d60dd51b7a2968f15f4c3916b80') in 0.007656 seconds 
  Import took 0.009523 seconds .

========================================================================
Received Import Request.
  Time since last request: 0.000254 seconds.
  path: Assets/Standard Assets/2D/Sprites/RobotBoyDeathSprite.png
  artifactKey: Guid(f45a39483cf4f914a816af821c9262bb) Importer(815301076,1909f56bfc062723c751e8b465ee728b)
Start importing Assets/Standard Assets/2D/Sprites/RobotBoyDeathSprite.png using Guid(f45a39483cf4f914a816af821c9262bb) Importer(815301076,1909f56bfc062723c751e8b465ee728b)  -> (artifact id: '2e3bcea1c8ed5bf1bdef2d38f4f87216') in 0.098088 seconds 
  Import took 0.100188 seconds .

========================================================================
Received Import Request.
  Time since last request: 0.000266 seconds.
  path: Assets/Standard Assets/2D/Sprites/RobotBoyIdleSprite.png
  artifactKey: Guid(8fb98a6035269e64a998f9b56828fc4f) Importer(815301076,1909f56bfc062723c751e8b465ee728b)
Start importing Assets/Standard Assets/2D/Sprites/RobotBoyIdleSprite.png using Guid(8fb98a6035269e64a998f9b56828fc4f) Importer(815301076,1909f56bfc062723c751e8b465ee728b)  -> (artifact id: '6349037ffb22d73f5ffba96b47202d1d') in 0.106074 seconds 
  Import took 0.108270 seconds .

========================================================================
Received Import Request.
  Time since last request: 0.000300 seconds.
  path: Assets/Standard Assets/2D/Sprites/RobotBoyJumpSprite.png
  artifactKey: Guid(9e1a2edf6149977479db158e4fbf9671) Importer(815301076,1909f56bfc062723c751e8b465ee728b)
Start importing Assets/Standard Assets/2D/Sprites/RobotBoyJumpSprite.png using Guid(9e1a2edf6149977479db158e4fbf9671) Importer(815301076,1909f56bfc062723c751e8b465ee728b)  -> (artifact id: '966fed56aa01d122cf800d048d27cb38') in 0.091790 seconds 
  Import took 0.094043 seconds .

========================================================================
Received Import Request.
  Time since last request: 0.000239 seconds.
  path: Assets/SampleScenes/Menu/Sprites/LogoUnitySprite.png
  artifactKey: Guid(7d6d5225d5a2b40e3959b66d13b6e29c) Importer(815301076,1909f56bfc062723c751e8b465ee728b)
Start importing Assets/SampleScenes/Menu/Sprites/LogoUnitySprite.png using Guid(7d6d5225d5a2b40e3959b66d13b6e29c) Importer(815301076,1909f56bfc062723c751e8b465ee728b)  -> (artifact id: '114f3db8da740da46d5b1d49f96278ea') in 0.009225 seconds 
  Import took 0.011127 seconds .

========================================================================
Received Import Request.
  Time since last request: 0.000218 seconds.
  path: Assets/Standard Assets/2D/Sprites/RobotBoyRollSprite.png
  artifactKey: Guid(fc67a9002ed4034419f91d0d85bd6b24) Importer(815301076,1909f56bfc062723c751e8b465ee728b)
Start importing Assets/Standard Assets/2D/Sprites/RobotBoyRollSprite.png using Guid(fc67a9002ed4034419f91d0d85bd6b24) Importer(815301076,1909f56bfc062723c751e8b465ee728b)  -> (artifact id: '1f527efde10ae2d45cf6669321776667') in 0.085310 seconds 
  Import took 0.087275 seconds .

========================================================================
Received Import Request.
  Time since last request: 0.000292 seconds.
  path: Assets/Standard Assets/2D/Sprites/RobotBoyRunSprite.png
  artifactKey: Guid(803baf1ea73913f46b25e07d0a79df22) Importer(815301076,1909f56bfc062723c751e8b465ee728b)
Start importing Assets/Standard Assets/2D/Sprites/RobotBoyRunSprite.png using Guid(803baf1ea73913f46b25e07d0a79df22) Importer(815301076,1909f56bfc062723c751e8b465ee728b)  -> (artifact id: '08b3b0c40e89197e24b51cdce8ec4cb0') in 0.059700 seconds 
  Import took 0.061673 seconds .

========================================================================
Received Import Request.
  Time since last request: 0.014755 seconds.
  path: Assets/Standard Assets/2D/Sprites/RobotBoyWalkSprite.png
  artifactKey: Guid(feda0c18015b3284cabbc0da85254f9a) Importer(815301076,1909f56bfc062723c751e8b465ee728b)
Start importing Assets/Standard Assets/2D/Sprites/RobotBoyWalkSprite.png using Guid(feda0c18015b3284cabbc0da85254f9a) Importer(815301076,1909f56bfc062723c751e8b465ee728b)  -> (artifact id: 'a0b97aa3d843ec9da1b404f6bb1f27bf') in 0.061666 seconds 
  Import took 0.064018 seconds .

========================================================================
Received Import Request.
  Time since last request: 0.000248 seconds.
  path: Assets/Standard Assets/CrossPlatformInput/Sprites/SliderBackgroundSprite.png
  artifactKey: Guid(ea5873cfd9158664f89459f0c9e1d853) Importer(815301076,1909f56bfc062723c751e8b465ee728b)
Start importing Assets/Standard Assets/CrossPlatformInput/Sprites/SliderBackgroundSprite.png using Guid(ea5873cfd9158664f89459f0c9e1d853) Importer(815301076,1909f56bfc062723c751e8b465ee728b)  -> (artifact id: '574d294a9cf5ae735d3dc2b4adee3a35') in 0.011459 seconds 
  Import took 0.013380 seconds .

========================================================================
Received Import Request.
  Time since last request: 2.637337 seconds.
  path: Assets/Standard Assets/CrossPlatformInput/Sprites/TouchpadSprite.png
  artifactKey: Guid(e4f1fee3de32377429fd1348fae62b10) Importer(815301076,1909f56bfc062723c751e8b465ee728b)
Start importing Assets/Standard Assets/CrossPlatformInput/Sprites/TouchpadSprite.png using Guid(e4f1fee3de32377429fd1348fae62b10) Importer(815301076,1909f56bfc062723c751e8b465ee728b)  -> (artifact id: '5197b6d8945fd1119665ed20680f579d') in 0.021625 seconds 
  Import took 0.026457 seconds .

========================================================================
Received Import Request.
  Time since last request: 0.000249 seconds.
  path: Assets/EasyRoads3D/textures/editor/unlocked.png
  artifactKey: Guid(eb319a63188c2d44bacc8572c8a2111a) Importer(815301076,1909f56bfc062723c751e8b465ee728b)
Start importing Assets/EasyRoads3D/textures/editor/unlocked.png using Guid(eb319a63188c2d44bacc8572c8a2111a) Importer(815301076,1909f56bfc062723c751e8b465ee728b)  -> (artifact id: 'a9449ac1a4f82655135e3520c58e13b6') in 0.009130 seconds 
  Import took 0.011517 seconds .

========================================================================
Received Import Request.
  Time since last request: 0.026126 seconds.
  path: Assets/Standard Assets/CrossPlatformInput/Sprites/SliderHandleSprite.png
  artifactKey: Guid(0626b924325d1c34cafa6b22297f4e4f) Importer(815301076,1909f56bfc062723c751e8b465ee728b)
Start importing Assets/Standard Assets/CrossPlatformInput/Sprites/SliderHandleSprite.png using Guid(0626b924325d1c34cafa6b22297f4e4f) Importer(815301076,1909f56bfc062723c751e8b465ee728b)  -> (artifact id: 'efd9b0729b6f34137cf35102b9208a3e') in 0.009412 seconds 
  Import took 0.011827 seconds .

========================================================================
Received Import Request.
  Time since last request: 4.403411 seconds.
  path: Assets/EasyRoads3D/textures/editor/m_so.png
  artifactKey: Guid(8583bfb2058e94a48801d7212430d8d1) Importer(815301076,1909f56bfc062723c751e8b465ee728b)
Start importing Assets/EasyRoads3D/textures/editor/m_so.png using Guid(8583bfb2058e94a48801d7212430d8d1) Importer(815301076,1909f56bfc062723c751e8b465ee728b)  -> (artifact id: '073aef6da81dcd74ff0c796279c59254') in 0.009305 seconds 
  Import took 0.011683 seconds .

========================================================================
Received Import Request.
  Time since last request: 0.037055 seconds.
  path: Assets/EasyRoads3D/textures/editor/m_roads.png
  artifactKey: Guid(32e963efb91d19147842f8bd95d6ac56) Importer(815301076,1909f56bfc062723c751e8b465ee728b)
Start importing Assets/EasyRoads3D/textures/editor/m_roads.png using Guid(32e963efb91d19147842f8bd95d6ac56) Importer(815301076,1909f56bfc062723c751e8b465ee728b)  -> (artifact id: 'a1f86a24957e9734f67277ad9c333f7a') in 0.008026 seconds 
  Import took 0.010212 seconds .

========================================================================
Received Import Request.
  Time since last request: 0.000249 seconds.
  path: Assets/EasyRoads3D/textures/editor/m_settings.png
  artifactKey: Guid(b2f9adc22d0fa0647880b18b89bf0872) Importer(815301076,1909f56bfc062723c751e8b465ee728b)
Start importing Assets/EasyRoads3D/textures/editor/m_settings.png using Guid(b2f9adc22d0fa0647880b18b89bf0872) Importer(815301076,1909f56bfc062723c751e8b465ee728b)  -> (artifact id: '258e198aab933135d5512e9f5119014d') in 0.007406 seconds 
  Import took 0.009411 seconds .

========================================================================
Received Import Request.
  Time since last request: 0.000215 seconds.
  path: Assets/EasyRoads3D/textures/editor/m_scene.png
  artifactKey: Guid(34aed1010b525bf4c9cfd7da35361a90) Importer(815301076,1909f56bfc062723c751e8b465ee728b)
Start importing Assets/EasyRoads3D/textures/editor/m_scene.png using Guid(34aed1010b525bf4c9cfd7da35361a90) Importer(815301076,1909f56bfc062723c751e8b465ee728b)  -> (artifact id: '9daecd15f29db2dca4bd0917dfda0028') in 0.007183 seconds 
  Import took 0.009090 seconds .

========================================================================
Received Import Request.
  Time since last request: 213.118160 seconds.
  path: Assets/Images/MaskImage.png
  artifactKey: Guid(0df61a41ef7a64e4eab229129874e3fa) Importer(815301076,1909f56bfc062723c751e8b465ee728b)
Start importing Assets/Images/MaskImage.png using Guid(0df61a41ef7a64e4eab229129874e3fa) Importer(815301076,1909f56bfc062723c751e8b465ee728b)  -> (artifact id: '2b07c9a8b40456d056ed04e6ed5645a2') in 0.008613 seconds 
  Import took 0.011106 seconds .

========================================================================
Received Import Request.
  Time since last request: 14.752543 seconds.
  path: Assets/Images/MaskImage.png
  artifactKey: Guid(0df61a41ef7a64e4eab229129874e3fa) Importer(815301076,1909f56bfc062723c751e8b465ee728b)
Start importing Assets/Images/MaskImage.png using Guid(0df61a41ef7a64e4eab229129874e3fa) Importer(815301076,1909f56bfc062723c751e8b465ee728b)  -> (artifact id: 'cbe27c351a087d01a1b34ce6dfd9865f') in 0.011468 seconds 
  Import took 0.013923 seconds .

========================================================================
Received Import Request.
  Time since last request: 311.769771 seconds.
  path: Assets/Images/map 1.png
  artifactKey: Guid(32b016ca575b541fdb0eb75d0368cddd) Importer(815301076,1909f56bfc062723c751e8b465ee728b)
Start importing Assets/Images/map 1.png using Guid(32b016ca575b541fdb0eb75d0368cddd) Importer(815301076,1909f56bfc062723c751e8b465ee728b)  -> (artifact id: 'ba25dd6f6275e0e52fa74cb7daba5be5') in 0.008444 seconds 
  Import took 0.011025 seconds .

========================================================================
Received Import Request.
  Time since last request: 11.021738 seconds.
  path: Assets/Images/map 1.png
  artifactKey: Guid(32b016ca575b541fdb0eb75d0368cddd) Importer(815301076,1909f56bfc062723c751e8b465ee728b)
Start importing Assets/Images/map 1.png using Guid(32b016ca575b541fdb0eb75d0368cddd) Importer(815301076,1909f56bfc062723c751e8b465ee728b)  -> (artifact id: '5098678d580de388f4f2c5bb3964e9d5') in 0.012158 seconds 
  Import took 0.014618 seconds .

========================================================================
Received Import Request.
  Time since last request: 691.655717 seconds.
  path: Assets/Images/Map.renderTexture
  artifactKey: Guid(20784a4a9a8334d27a07baa6fa2ca447) Importer(815301076,1909f56bfc062723c751e8b465ee728b)
Start importing Assets/Images/Map.renderTexture using Guid(20784a4a9a8334d27a07baa6fa2ca447) Importer(815301076,1909f56bfc062723c751e8b465ee728b)  -> (artifact id: 'fe018c61c92ff8940e62bcbea05221a7') in 0.064331 seconds 
  Import took 0.068802 seconds .

========================================================================
Received Import Request.
  Time since last request: 439.748684 seconds.
  path: ProjectSettings/TagManager.asset
  artifactKey: Guid(00000000000000003000000000000000) Importer(815301076,1909f56bfc062723c751e8b465ee728b)
Start importing ProjectSettings/TagManager.asset using Guid(00000000000000003000000000000000) Importer(815301076,1909f56bfc062723c751e8b465ee728b)  -> (artifact id: 'ce6a35c3cddc746e7501c0bd0ed6d4ce') in 0.052970 seconds 
  Import took 0.057266 seconds .

========================================================================
Received Prepare
Registering precompiled user dll's ...
Registered in 0.001570 seconds.
Begin MonoManager ReloadAssembly
Native extension for OSXStandalone target not found
Native extension for WebGL target not found
Refreshing native plugins compatible for Editor in 0.43 ms, found 2 plugins.
Preloading 0 native plugins for Editor in 0.00 ms.
2022-01-21 12:59:26.916 Unity[13380:196089] NSEventModifierFlagFunction specified to -setKeyEquivalentModifierMask: for item <NSMenuItem: 0x600000f15dc0 Font Asset, ke='Command-F12'>, but is only supported for system-provided menu items; will not be used
Mono: successfully reloaded assembly
- Completed reload, in  2.479 seconds
Domain Reload Profiling:
	ReloadAssembly (2480ms)
		BeginReloadAssembly (227ms)
			ExecutionOrderSort (0ms)
			DisableScriptedObjects (32ms)
			BackupInstance (0ms)
			ReleaseScriptingObjects (0ms)
			CreateAndSetChildDomain (70ms)
		EndReloadAssembly (2154ms)
			LoadAssemblies (223ms)
			RebuildTransferFunctionScriptingTraits (0ms)
			SetupTypeCache (313ms)
			ReleaseScriptCaches (1ms)
			RebuildScriptCaches (51ms)
			SetupLoadedEditorAssemblies (1266ms)
				LogAssemblyErrors (0ms)
				InitializePlatformSupportModulesInManaged (37ms)
				SetLoadedEditorAssemblies (2ms)
				RefreshPlugins (0ms)
				BeforeProcessingInitializeOnLoad (299ms)
				ProcessInitializeOnLoadAttributes (895ms)
				ProcessInitializeOnLoadMethodAttributes (31ms)
				AfterProcessingInitializeOnLoad (1ms)
				EditorAssembliesLoaded (1ms)
			ExecutionOrderSort2 (0ms)
			AwakeInstancesAfterBackupRestoration (41ms)
Platform modules already initialized, skipping
Refreshing native plugins compatible for Editor in 0.43 ms, found 2 plugins.
Preloading 0 native plugins for Editor in 0.00 ms.
Unloading 1610 Unused Serialized files (Serialized files now loaded: 0)
System memory in use before: 211.6 MB.
System memory in use after: 211.2 MB.

Unloading 21 unused Assets to reduce memory usage. Loaded Objects now: 2320.
Total: 2.463958 ms (FindLiveObjects: 0.141500 ms CreateObjectMapping: 0.035333 ms MarkObjects: 1.927958 ms  DeleteObjects: 0.358416 ms)

AssetImportParameters requested are different than current active one (requested -> active):
  custom:video-decoder-ogg-theora: a1e56fd34408186e4bbccfd4996cb3dc -> 
  custom:container-muxer-webm: aa71ff27fc2769a1b78a27578f13a17b -> 
  custom:container-demuxer-webm: 4f35f7cbe854078d1ac9338744f61a02 -> 
  custom:container-demuxer-ogg: 62fdf1f143b41e24485cea50d1cbac27 -> 
  custom:video-encoder-webm-vp8: eb34c28f22e8b96e1ab97ce403110664 -> 
  custom:framework-osx-AVFoundation: e770b220cccbd017edd2c1fefb359320 -> 
  custom:video-decoder-webm-vp8: 9c59270c3fd7afecdb556c50c9e8de78 -> 
  custom:audio-decoder-ogg-vorbis: bf7c407c2cedff20999df2af8eb42d56 -> 
  custom:audio-encoder-webm-vorbis: bf7c407c2cedff20999df2af8eb42d56 -> 
========================================================================
Received Import Request.
  Time since last request: 830.078446 seconds.
  path: Assets/Images/Map.renderTexture
  artifactKey: Guid(20784a4a9a8334d27a07baa6fa2ca447) Importer(815301076,1909f56bfc062723c751e8b465ee728b)
Start importing Assets/Images/Map.renderTexture using Guid(20784a4a9a8334d27a07baa6fa2ca447) Importer(815301076,1909f56bfc062723c751e8b465ee728b)  -> (artifact id: 'a525e10ba2b46fdab0a14b6323705787') in 0.081150 seconds 
  Import took 0.083372 seconds .

========================================================================
Received Prepare
Registering precompiled user dll's ...
Registered in 0.001523 seconds.
Begin MonoManager ReloadAssembly
Native extension for OSXStandalone target not found
Native extension for WebGL target not found
Refreshing native plugins compatible for Editor in 0.43 ms, found 2 plugins.
Preloading 0 native plugins for Editor in 0.00 ms.
2022-01-21 13:04:36.875 Unity[13380:196089] NSEventModifierFlagFunction specified to -setKeyEquivalentModifierMask: for item <NSMenuItem: 0x600000f22c30 Font Asset, ke='Command-F12'>, but is only supported for system-provided menu items; will not be used
Mono: successfully reloaded assembly
- Completed reload, in  2.449 seconds
Domain Reload Profiling:
	ReloadAssembly (2450ms)
		BeginReloadAssembly (223ms)
			ExecutionOrderSort (0ms)
			DisableScriptedObjects (34ms)
			BackupInstance (0ms)
			ReleaseScriptingObjects (0ms)
			CreateAndSetChildDomain (68ms)
		EndReloadAssembly (2128ms)
			LoadAssemblies (224ms)
			RebuildTransferFunctionScriptingTraits (0ms)
			SetupTypeCache (318ms)
			ReleaseScriptCaches (1ms)
			RebuildScriptCaches (51ms)
			SetupLoadedEditorAssemblies (1234ms)
				LogAssemblyErrors (0ms)
				InitializePlatformSupportModulesInManaged (18ms)
				SetLoadedEditorAssemblies (1ms)
				RefreshPlugins (0ms)
				BeforeProcessingInitializeOnLoad (302ms)
				ProcessInitializeOnLoadAttributes (876ms)
				ProcessInitializeOnLoadMethodAttributes (34ms)
				AfterProcessingInitializeOnLoad (1ms)
				EditorAssembliesLoaded (1ms)
			ExecutionOrderSort2 (0ms)
			AwakeInstancesAfterBackupRestoration (36ms)
Platform modules already initialized, skipping
Refreshing native plugins compatible for Editor in 0.43 ms, found 2 plugins.
Preloading 0 native plugins for Editor in 0.00 ms.
Unloading 1610 Unused Serialized files (Serialized files now loaded: 0)
System memory in use before: 211.8 MB.
System memory in use after: 211.4 MB.

Unloading 19 unused Assets to reduce memory usage. Loaded Objects now: 2322.
Total: 2.358292 ms (FindLiveObjects: 0.125834 ms CreateObjectMapping: 0.036125 ms MarkObjects: 1.830959 ms  DeleteObjects: 0.364333 ms)

AssetImportParameters requested are different than current active one (requested -> active):
  custom:video-decoder-ogg-theora: a1e56fd34408186e4bbccfd4996cb3dc -> 
  custom:container-muxer-webm: aa71ff27fc2769a1b78a27578f13a17b -> 
  custom:container-demuxer-webm: 4f35f7cbe854078d1ac9338744f61a02 -> 
  custom:container-demuxer-ogg: 62fdf1f143b41e24485cea50d1cbac27 -> 
  custom:video-encoder-webm-vp8: eb34c28f22e8b96e1ab97ce403110664 -> 
  custom:framework-osx-AVFoundation: e770b220cccbd017edd2c1fefb359320 -> 
  custom:video-decoder-webm-vp8: 9c59270c3fd7afecdb556c50c9e8de78 -> 
  custom:audio-decoder-ogg-vorbis: bf7c407c2cedff20999df2af8eb42d56 -> 
  custom:audio-encoder-webm-vorbis: bf7c407c2cedff20999df2af8eb42d56 -> 
========================================================================
Received Import Request.
  Time since last request: 309.843220 seconds.
  path: Assets/Images/PayerMap.renderTexture
  artifactKey: Guid(43c6fd5f4a11e48d0b785de49ce18e2b) Importer(815301076,1909f56bfc062723c751e8b465ee728b)
Start importing Assets/Images/PayerMap.renderTexture using Guid(43c6fd5f4a11e48d0b785de49ce18e2b) Importer(815301076,1909f56bfc062723c751e8b465ee728b)  -> (artifact id: 'd4ceed682e4c58b548e00b79c12de635') in 0.084200 seconds 
  Import took 0.086317 seconds .

========================================================================
Received Prepare
Registering precompiled user dll's ...
Registered in 0.001525 seconds.
Begin MonoManager ReloadAssembly
Native extension for OSXStandalone target not found
Native extension for WebGL target not found
Refreshing native plugins compatible for Editor in 0.43 ms, found 2 plugins.
Preloading 0 native plugins for Editor in 0.00 ms.
2022-01-21 13:09:05.270 Unity[13380:196089] NSEventModifierFlagFunction specified to -setKeyEquivalentModifierMask: for item <NSMenuItem: 0x600000f0e760 Font Asset, ke='Command-F12'>, but is only supported for system-provided menu items; will not be used
Mono: successfully reloaded assembly
- Completed reload, in  2.434 seconds
Domain Reload Profiling:
	ReloadAssembly (2435ms)
		BeginReloadAssembly (218ms)
			ExecutionOrderSort (0ms)
			DisableScriptedObjects (32ms)
			BackupInstance (0ms)
			ReleaseScriptingObjects (0ms)
			CreateAndSetChildDomain (67ms)
		EndReloadAssembly (2115ms)
			LoadAssemblies (218ms)
			RebuildTransferFunctionScriptingTraits (0ms)
			SetupTypeCache (317ms)
			ReleaseScriptCaches (1ms)
			RebuildScriptCaches (50ms)
			SetupLoadedEditorAssemblies (1213ms)
				LogAssemblyErrors (0ms)
				InitializePlatformSupportModulesInManaged (19ms)
				SetLoadedEditorAssemblies (1ms)
				RefreshPlugins (0ms)
				BeforeProcessingInitializeOnLoad (298ms)
				ProcessInitializeOnLoadAttributes (862ms)
				ProcessInitializeOnLoadMethodAttributes (31ms)
				AfterProcessingInitializeOnLoad (1ms)
				EditorAssembliesLoaded (1ms)
			ExecutionOrderSort2 (0ms)
			AwakeInstancesAfterBackupRestoration (33ms)
Platform modules already initialized, skipping
Refreshing native plugins compatible for Editor in 0.44 ms, found 2 plugins.
Preloading 0 native plugins for Editor in 0.00 ms.
Unloading 1610 Unused Serialized files (Serialized files now loaded: 0)
System memory in use before: 212.0 MB.
System memory in use after: 211.6 MB.

Unloading 19 unused Assets to reduce memory usage. Loaded Objects now: 2324.
Total: 2.345208 ms (FindLiveObjects: 0.112708 ms CreateObjectMapping: 0.033583 ms MarkObjects: 1.811750 ms  DeleteObjects: 0.386417 ms)

AssetImportParameters requested are different than current active one (requested -> active):
  custom:video-decoder-ogg-theora: a1e56fd34408186e4bbccfd4996cb3dc -> 
  custom:container-muxer-webm: aa71ff27fc2769a1b78a27578f13a17b -> 
  custom:container-demuxer-webm: 4f35f7cbe854078d1ac9338744f61a02 -> 
  custom:container-demuxer-ogg: 62fdf1f143b41e24485cea50d1cbac27 -> 
  custom:video-encoder-webm-vp8: eb34c28f22e8b96e1ab97ce403110664 -> 
  custom:framework-osx-AVFoundation: e770b220cccbd017edd2c1fefb359320 -> 
  custom:video-decoder-webm-vp8: 9c59270c3fd7afecdb556c50c9e8de78 -> 
  custom:audio-decoder-ogg-vorbis: bf7c407c2cedff20999df2af8eb42d56 -> 
  custom:audio-encoder-webm-vorbis: bf7c407c2cedff20999df2af8eb42d56 -> 
========================================================================
Received Prepare
Registering precompiled user dll's ...
Registered in 0.001535 seconds.
Begin MonoManager ReloadAssembly
Native extension for OSXStandalone target not found
Native extension for WebGL target not found
Refreshing native plugins compatible for Editor in 0.44 ms, found 2 plugins.
Preloading 0 native plugins for Editor in 0.00 ms.
2022-01-21 13:16:59.160 Unity[13380:196089] NSEventModifierFlagFunction specified to -setKeyEquivalentModifierMask: for item <NSMenuItem: 0x600000f1a3e0 Font Asset, ke='Command-F12'>, but is only supported for system-provided menu items; will not be used
Mono: successfully reloaded assembly
- Completed reload, in  2.460 seconds
Domain Reload Profiling:
	ReloadAssembly (2461ms)
		BeginReloadAssembly (221ms)
			ExecutionOrderSort (0ms)
			DisableScriptedObjects (35ms)
			BackupInstance (0ms)
			ReleaseScriptingObjects (0ms)
			CreateAndSetChildDomain (66ms)
		EndReloadAssembly (2138ms)
			LoadAssemblies (230ms)
			RebuildTransferFunctionScriptingTraits (0ms)
			SetupTypeCache (326ms)
			ReleaseScriptCaches (1ms)
			RebuildScriptCaches (52ms)
			SetupLoadedEditorAssemblies (1243ms)
				LogAssemblyErrors (0ms)
				InitializePlatformSupportModulesInManaged (18ms)
				SetLoadedEditorAssemblies (1ms)
				RefreshPlugins (0ms)
				BeforeProcessingInitializeOnLoad (301ms)
				ProcessInitializeOnLoadAttributes (890ms)
				ProcessInitializeOnLoadMethodAttributes (31ms)
				AfterProcessingInitializeOnLoad (1ms)
				EditorAssembliesLoaded (1ms)
			ExecutionOrderSort2 (0ms)
			AwakeInstancesAfterBackupRestoration (33ms)
Platform modules already initialized, skipping
Refreshing native plugins compatible for Editor in 0.43 ms, found 2 plugins.
Preloading 0 native plugins for Editor in 0.00 ms.
Unloading 1610 Unused Serialized files (Serialized files now loaded: 0)
System memory in use before: 212.2 MB.
System memory in use after: 211.8 MB.

Unloading 19 unused Assets to reduce memory usage. Loaded Objects now: 2326.
Total: 2.384750 ms (FindLiveObjects: 0.108250 ms CreateObjectMapping: 0.033416 ms MarkObjects: 1.864958 ms  DeleteObjects: 0.377292 ms)

AssetImportParameters requested are different than current active one (requested -> active):
  custom:video-decoder-ogg-theora: a1e56fd34408186e4bbccfd4996cb3dc -> 
  custom:container-muxer-webm: aa71ff27fc2769a1b78a27578f13a17b -> 
  custom:container-demuxer-webm: 4f35f7cbe854078d1ac9338744f61a02 -> 
  custom:container-demuxer-ogg: 62fdf1f143b41e24485cea50d1cbac27 -> 
  custom:video-encoder-webm-vp8: eb34c28f22e8b96e1ab97ce403110664 -> 
  custom:framework-osx-AVFoundation: e770b220cccbd017edd2c1fefb359320 -> 
  custom:video-decoder-webm-vp8: 9c59270c3fd7afecdb556c50c9e8de78 -> 
  custom:audio-decoder-ogg-vorbis: bf7c407c2cedff20999df2af8eb42d56 -> 
  custom:audio-encoder-webm-vorbis: bf7c407c2cedff20999df2af8eb42d56 -> 
